<?xml version="1.0" encoding="UTF-8"?>
<!-- Generated by org.testng.reporters.JUnitReportReporter -->
<testsuite hostname="DESKTOP-CF55BG5" failures="0" tests="4" name="CIS.CIS_Assessment.Assessment1" time="188.527" errors="0" timestamp="2022-09-16T10:23:28 IST" skipped="0">
  <testcase classname="CIS.CIS_Assessment.Assessment1" name="login" time="17.592"/>
  <system-out/>
  <testcase classname="CIS.CIS_Assessment.Assessment1" name="ClickSelfSurvey" time="2.076"/>
  <system-out/>
  <testcase classname="CIS.CIS_Assessment.Assessment1" name="ClickCCIAssessments" time="168.818"/>
  <system-out/>
  <testcase classname="CIS.CIS_Assessment.Assessment1" name="clickcareerButton" time="0.041"/>
  <system-out/>
</testsuite> <!-- CIS.CIS_Assessment.Assessment1 -->
