<?xml version="1.0" encoding="UTF-8"?>
<!-- Generated by org.testng.reporters.JUnitReportReporter -->
<testsuite hostname="DESKTOP-CF55BG5" failures="0" tests="4" name="CIS.CIS_Assessment.Assessment1" time="319.940" errors="0" timestamp="2022-10-03T16:13:56 IST" skipped="0">
  <testcase classname="CIS.CIS_Assessment.Assessment1" name="login" time="142.962"/>
  <system-out/>
  <testcase classname="CIS.CIS_Assessment.Assessment1" name="ClickSelfSurvey" time="7.352"/>
  <system-out/>
  <testcase classname="CIS.CIS_Assessment.Assessment1" name="ClickCCIAssessments" time="169.579"/>
  <system-out/>
  <testcase classname="CIS.CIS_Assessment.Assessment1" name="clickcareerButton" time="0.047"/>
  <system-out/>
</testsuite> <!-- CIS.CIS_Assessment.Assessment1 -->
